C51 COMPILER V9.54   MAIN                                                                  10/16/2020 09:26:58 PAGE 1   


C51 COMPILER V9.54, COMPILATION OF MODULE MAIN
OBJECT MODULE PLACED IN .\Objects\main.obj
COMPILER INVOKED BY: E:\Keil_v5\C51\BIN\C51.EXE main.c OPTIMIZE(8,SPEED) BROWSE DEBUG OBJECTEXTEND PRINT(.\Listings\main
                    -.lst) TABS(2) OBJECT(.\Objects\main.obj)

line level    source

   1          #include <reg51.h>
   2          #include "main.h"
   3          #include "delay.h"
   4          
   5          void main()
   6          {
   7   1          uchar i =0;
   8   1          while (1)
   9   1          {
  10   2              for ( i = 0; i < 8; i++)
  11   2              {
  12   3                  P1=(~(1<<i));
  13   3                  delay_ms(200);
  14   3                  /* code */
  15   3              }
  16   2              
  17   2      
  18   2              /* code */
  19   2          }
  20   1          
  21   1      
  22   1      
  23   1      }
  24          
  25          
  26          
  27          
  28          
  29          
  30          
  31          
  32          


MODULE INFORMATION:   STATIC OVERLAYABLE
   CODE SIZE        =     40    ----
   CONSTANT SIZE    =   ----    ----
   XDATA SIZE       =   ----    ----
   PDATA SIZE       =   ----    ----
   DATA SIZE        =   ----       1
   IDATA SIZE       =   ----    ----
   BIT SIZE         =   ----    ----
END OF MODULE INFORMATION.


C51 COMPILATION COMPLETE.  0 WARNING(S),  0 ERROR(S)
