C51 COMPILER V9.60.0.0   MAIN                                                              09/07/2019 08:33:44 PAGE 1   


C51 COMPILER V9.60.0.0, COMPILATION OF MODULE MAIN
OBJECT MODULE PLACED IN .\Objects\main.obj
COMPILER INVOKED BY: C:\Keil_v5\C51\BIN\C51.EXE main.c OPTIMIZE(8,SPEED) BROWSE DEBUG OBJECTEXTEND PRINT(.\Listings\main
                    -.lst) TABS(2) OBJECT(.\Objects\main.obj)

line level    source

   1          #include<reg51.h>
   2          #include"main.h"
   3          #include"delay.h"
   4          
   5          void main()
   6          {
   7   1        uchar i=0;
   8   1        uchar key_val = 0;
   9   1        bit bFlash = 1;
  10   1        uchar i_val=0; 
  11   1        
  12   1        
  13   1        P3 = 0xFF;
  14   1        key_val = 0xFF;
  15   1        while(1)
  16   1        {
  17   2          for(i=0;i<8;i++)
  18   2          {
  19   3            if(key_val != P3)
  20   3            {
  21   4              key_val = P3;
  22   4              
  23   4              if(0== (P3&0x04))      //只有当按键按下时才改变闪烁状态，抬起时不改变
  24   4              {
  25   5                if(bFlash)
  26   5                {
  27   6                  i_val = i;
  28   6                
  29   6                }
  30   5                else
  31   5                {
  32   6                  i= i_val;
  33   6                }
  34   5                
  35   5                
  36   5                bFlash = ~bFlash;
  37   5              
  38   5              }
  39   4              
  40   4              
  41   4            }
  42   3            if(bFlash)
  43   3            {
  44   4              P0 = ~(1<<i);
  45   4            
  46   4            }
  47   3            
  48   3      /*
  49   3            if(bFlash == 0)
  50   3            {
  51   3              i--;
  52   3            
  53   3            }
  54   3            
C51 COMPILER V9.60.0.0   MAIN                                                              09/07/2019 08:33:44 PAGE 2   

  55   3            */
  56   3            
  57   3            
  58   3            
  59   3            
  60   3            delay_ms(200);
  61   3              
  62   3          
  63   3          }
  64   2        
  65   2        }
  66   1      
  67   1      }
  68          
  69          


MODULE INFORMATION:   STATIC OVERLAYABLE
   CODE SIZE        =     87    ----
   CONSTANT SIZE    =   ----    ----
   XDATA SIZE       =   ----    ----
   PDATA SIZE       =   ----    ----
   DATA SIZE        =   ----       3
   IDATA SIZE       =   ----    ----
   BIT SIZE         =   ----       1
END OF MODULE INFORMATION.


C51 COMPILATION COMPLETE.  0 WARNING(S),  0 ERROR(S)
