C51 COMPILER V9.60.0.0   MAIN                                                              09/22/2019 20:20:14 PAGE 1   


C51 COMPILER V9.60.0.0, COMPILATION OF MODULE MAIN
OBJECT MODULE PLACED IN .\Objects\main.obj
COMPILER INVOKED BY: C:\Keil_v5\C51\BIN\C51.EXE main.c OPTIMIZE(8,SPEED) BROWSE DEBUG OBJECTEXTEND PRINT(.\Listings\main
                    -.lst) TABS(2) OBJECT(.\Objects\main.obj)

line level    source

   1          #include <reg51.h>
   2          
   3          void InitUART(void)
   4          {
   5   1          TMOD = 0x20;
   6   1          SCON = 0x50;
   7   1          TH1 = 0xF3;
   8   1          TL1 = TH1;
   9   1          PCON = 0x00;
  10   1          EA = 1;
  11   1          ES = 1;
  12   1          TR1 = 1;
  13   1      }
  14          
  15          void SendOneByte(unsigned char c)
  16          {
  17   1          SBUF = c;
  18   1          while(!TI);
  19   1          TI = 0;
  20   1      }
  21          
  22          void main(void)
  23          {
  24   1          InitUART();
  25   1        while(1);
  26   1      }
  27          
  28          void UARTInterrupt(void) interrupt 4
  29          {
  30   1        P1 = 0x0f;
  31   1          if(P1 != 0x0f)
  32   1          {
  33   2            
  34   2            SendOneByte('Y');
  35   2            
  36   2            P1 = 0x0f;
  37   2            
  38   2              //add your code here!
  39   2          }
  40   1          else
  41   1              TI = 0;
  42   1      }
  43          
  44          
  45          
  46          
  47          
  48          
  49          
  50          
  51          
  52          


C51 COMPILER V9.60.0.0   MAIN                                                              09/22/2019 20:20:14 PAGE 2   

MODULE INFORMATION:   STATIC OVERLAYABLE
   CODE SIZE        =     73    ----
   CONSTANT SIZE    =   ----    ----
   XDATA SIZE       =   ----    ----
   PDATA SIZE       =   ----    ----
   DATA SIZE        =   ----    ----
   IDATA SIZE       =   ----    ----
   BIT SIZE         =   ----    ----
END OF MODULE INFORMATION.


C51 COMPILATION COMPLETE.  0 WARNING(S),  0 ERROR(S)
