C51 COMPILER V9.60.0.0   MAIN                                                              09/06/2019 09:40:06 PAGE 1   


C51 COMPILER V9.60.0.0, COMPILATION OF MODULE MAIN
OBJECT MODULE PLACED IN .\Objects\main.obj
COMPILER INVOKED BY: C:\Keil_v5\C51\BIN\C51.EXE main.c OPTIMIZE(8,SPEED) BROWSE DEBUG OBJECTEXTEND PRINT(.\Listings\main
                    -.lst) TABS(2) OBJECT(.\Objects\main.obj)

line level    source

   1          #include<reg51.h>
   2          #include"main.h"
   3          #include"delay.h"
   4          
   5          //共阴极数码管显示码
   6          uchar code DIS_CODE[]= {0x3F,0x06,0x5B,0x4F,0x66,0x6D,0x7D,0x07,0x7F,0x6F,0x00};
   7          
   8          
   9          //优化程序
  10          void show_data(uint year,uchar month,uchar day)
  11          {
  12   1        uint tmp;
  13   1        
  14   1        //年份显示
  15   1        tmp=year/1000;
  16   1        P1=0xFE;
  17   1        P2=DIS_CODE[tmp];
  18   1        delay_ms(1);
  19   1        
  20   1        tmp=year%1000;
  21   1        tmp=tmp/100;
  22   1        P1=0xFD;
  23   1        P2=DIS_CODE[tmp];
  24   1        delay_ms(1);
  25   1        
  26   1        tmp=year%100;
  27   1        tmp=tmp/10;
  28   1        P1=0xFB;
  29   1        P2=DIS_CODE[tmp];
  30   1        delay_ms(1);
  31   1        
  32   1        tmp=year%10;
  33   1        P1=0xF7;
  34   1        P2=DIS_CODE[tmp];
  35   1        delay_ms(1);
  36   1        
  37   1        //月份显示
  38   1        tmp=month/10;
  39   1        P1=0xEF;
  40   1        P2=DIS_CODE[tmp];
  41   1        delay_ms(1);
  42   1        
  43   1        tmp=month%10;
  44   1        P1=0xDF;
  45   1        P2=DIS_CODE[tmp];
  46   1        delay_ms(1);
  47   1        
  48   1        //日期显示
  49   1        tmp=day/10;
  50   1        P1=0xBF;
  51   1        P2=DIS_CODE[tmp];
  52   1        delay_ms(1);
  53   1        
  54   1        tmp=day%10;
C51 COMPILER V9.60.0.0   MAIN                                                              09/06/2019 09:40:06 PAGE 2   

  55   1        P1=0x7F;
  56   1        P2=DIS_CODE[tmp];
  57   1        delay_ms(1);
  58   1        
  59   1      
  60   1      }
  61          
  62          
  63          void main()
  64          {
  65   1        while(1)
  66   1        {
  67   2          show_data(2019,7,19);
  68   2        
  69   2        }
  70   1      
  71   1      }
  72          
  73          
  74          
  75          
  76          
  77          
  78          
  79          
  80          
  81          
  82          
  83          
  84          
  85          
  86          
  87          
  88          
  89          
  90          /*
  91          //显示日期
  92          void main()
  93          {
  94            while(1)
  95            {
  96              P1=0xFE;
  97              P2=DIS_CODE[2];
  98              delay_ms(1);
  99              P1=0xFD;
 100              P2=DIS_CODE[0];
 101              delay_ms(1);
 102              P1=0xFB;
 103              P2=DIS_CODE[1];
 104              delay_ms(1);
 105              P1=0xF7;
 106              P2=DIS_CODE[9];
 107              delay_ms(1);
 108              P1=0xEF;
 109              P2=DIS_CODE[0];
 110              delay_ms(1);
 111              P1=0xDF;
 112              P2=DIS_CODE[9];
 113              delay_ms(1);
 114              P1=0xBF;
 115              P2=DIS_CODE[0];
 116              delay_ms(1);
C51 COMPILER V9.60.0.0   MAIN                                                              09/06/2019 09:40:06 PAGE 3   

 117              P1=0x7F;
 118              P2=DIS_CODE[6];
 119              delay_ms(1);
 120              
 121              
 122              
 123            }
 124          
 125          }
 126          */


MODULE INFORMATION:   STATIC OVERLAYABLE
   CODE SIZE        =    305    ----
   CONSTANT SIZE    =     11    ----
   XDATA SIZE       =   ----    ----
   PDATA SIZE       =   ----    ----
   DATA SIZE        =   ----       4
   IDATA SIZE       =   ----    ----
   BIT SIZE         =   ----    ----
END OF MODULE INFORMATION.


C51 COMPILATION COMPLETE.  0 WARNING(S),  0 ERROR(S)
