C51 COMPILER V9.60.0.0   MIAN                                                              09/04/2019 16:43:17 PAGE 1   


C51 COMPILER V9.60.0.0, COMPILATION OF MODULE MIAN
OBJECT MODULE PLACED IN .\Objects\mian.obj
COMPILER INVOKED BY: C:\Keil_v5\C51\BIN\C51.EXE mian.c OPTIMIZE(8,SPEED) BROWSE DEBUG OBJECTEXTEND PRINT(.\Listings\mian
                    -.lst) TABS(2) OBJECT(.\Objects\mian.obj)

line level    source

   1          #include<reg51.h>
   2          #include"main.h"
   3          #include"delay.h"
   4          
   5          
   6          
   7          void main()
   8          {
   9   1           uchar i=0;
  10   1        while(1)
  11   1        {
  12   2           for(i=0;i<8;i++)
  13   2          {
  14   3             P1=(1<<i);
  15   3            delay_ms(200);
  16   3          
  17   3          
  18   3          }
  19   2        
  20   2        
  21   2        }
  22   1      
  23   1      }


MODULE INFORMATION:   STATIC OVERLAYABLE
   CODE SIZE        =     43    ----
   CONSTANT SIZE    =   ----    ----
   XDATA SIZE       =   ----    ----
   PDATA SIZE       =   ----    ----
   DATA SIZE        =   ----       1
   IDATA SIZE       =   ----    ----
   BIT SIZE         =   ----    ----
END OF MODULE INFORMATION.


C51 COMPILATION COMPLETE.  0 WARNING(S),  0 ERROR(S)
