C51 COMPILER V9.60.0.0   MAIN                                                              09/10/2019 20:42:41 PAGE 1   


C51 COMPILER V9.60.0.0, COMPILATION OF MODULE MAIN
OBJECT MODULE PLACED IN .\Objects\main.obj
COMPILER INVOKED BY: C:\Keil_v5\C51\BIN\C51.EXE main.c OPTIMIZE(8,SPEED) BROWSE DEBUG OBJECTEXTEND PRINT(.\Listings\main
                    -.lst) TABS(2) OBJECT(.\Objects\main.obj)

line level    source

   1          #include<reg51.h>
   2          #include"main.h"
   3          
   4          sbit LED = P2^0;
   5          uchar g_ucNum;
   6          
   7          void int0_inter() interrupt 0 
   8          {
   9   1        g_ucNum = 0;
  10   1        TL0 = 0x18;             //定时器赋初值TL0=（8192-5000）%32
  11   1        TH0 = 0x63;             //TH0=（8192-5000）/32  
  12   1        TR0 = 1;                //打开定时器T0
  13   1        
  14   1        
  15   1      }
  16          
  17          
  18          
  19          
  20          void int1_inter() interrupt 2
  21          {
  22   1        TR0 = 0;                 //关闭定时器T0
  23   1      
  24   1      }
  25          
  26          
  27          
  28          void timer0_inter() interrupt 1
  29          {
  30   1        g_ucNum++;
  31   1        
  32   1        TL0 = 0x18;              //定时器重新赋值
  33   1        TH0 = 0x63;
  34   1        
  35   1      }
  36          
  37          
  38          void main()
  39          {
  40   1        g_ucNum = 0;
  41   1        P2 = 0xFF;
  42   1        
  43   1        //外部中断初始化
  44   1        IT0 = 1;                   //下降沿触发中断
  45   1        IT1 = 1;
  46   1        EX0 = 1;                    //打开外部中断
  47   1        EX1 = 1;
  48   1        
  49   1        //定时器T0初始化
  50   1        TMOD = 0;                   //定时器模式，工作方式0
  51   1        TL0 = 0x18;                 //定时器赋初值
  52   1        TH0 = 0x63;                 //TH0=（8192-5000）/32
  53   1        ET0 = 1;                    //使能T0中断
  54   1        
C51 COMPILER V9.60.0.0   MAIN                                                              09/10/2019 20:42:41 PAGE 2   

  55   1        EA = 1;
  56   1        
  57   1        while(1)
  58   1        {
  59   2          if(g_ucNum>=200)
  60   2          {
  61   3            g_ucNum = 0;
  62   3            LED = ~LED; 
  63   3          
  64   3          
  65   3          }
  66   2          
  67   2          
  68   2        
  69   2        }
  70   1        
  71   1        
  72   1        
  73   1      
  74   1      }
  75          
  76          
  77          
  78          
  79          
  80          
  81          


MODULE INFORMATION:   STATIC OVERLAYABLE
   CODE SIZE        =     68    ----
   CONSTANT SIZE    =   ----    ----
   XDATA SIZE       =   ----    ----
   PDATA SIZE       =   ----    ----
   DATA SIZE        =      1    ----
   IDATA SIZE       =   ----    ----
   BIT SIZE         =   ----    ----
END OF MODULE INFORMATION.


C51 COMPILATION COMPLETE.  0 WARNING(S),  0 ERROR(S)
