C51 COMPILER V9.60.0.0   MAIN                                                              09/05/2019 10:23:36 PAGE 1   


C51 COMPILER V9.60.0.0, COMPILATION OF MODULE MAIN
OBJECT MODULE PLACED IN .\Objects\main.obj
COMPILER INVOKED BY: C:\Keil_v5\C51\BIN\C51.EXE main.c OPTIMIZE(8,SPEED) BROWSE DEBUG OBJECTEXTEND PRINT(.\Listings\main
                    -.lst) TABS(2) OBJECT(.\Objects\main.obj)

line level    source

   1          #include<reg51.h>
   2          #include"main.h"
   3          #include"delay.h"
   4          #include"delay.c"
   5          #define uint unsigned int
   6          #define uchar unsigned char
   7          
   8          
   9          void main(void)
  10          {
  11   1        while(1)
  12   1        {
  13   2          P1 = 0x04;
  14   2          delay_ms(800);
  15   2          P1 = 0x6D;
  16   2          delay_ms(800);
  17   2          P1=0x18;
  18   2          delay_ms(800);
  19   2          P1=0x48;
  20   2          delay_ms(800);
  21   2          
  22   2        }
  23   1      
  24   1      
  25   1      }
  26          


MODULE INFORMATION:   STATIC OVERLAYABLE
   CODE SIZE        =     56    ----
   CONSTANT SIZE    =   ----    ----
   XDATA SIZE       =   ----    ----
   PDATA SIZE       =   ----    ----
   DATA SIZE        =   ----    ----
   IDATA SIZE       =   ----    ----
   BIT SIZE         =   ----    ----
END OF MODULE INFORMATION.


C51 COMPILATION COMPLETE.  0 WARNING(S),  0 ERROR(S)
