C51 COMPILER V9.60.0.0   MIAN                                                              09/04/2019 09:45:31 PAGE 1   


C51 COMPILER V9.60.0.0, COMPILATION OF MODULE MIAN
OBJECT MODULE PLACED IN .\Objects\mian.obj
COMPILER INVOKED BY: C:\Keil_v5\C51\BIN\C51.EXE mian.c OPTIMIZE(8,SPEED) BROWSE DEBUG OBJECTEXTEND PRINT(.\Listings\mian
                    -.lst) TABS(2) OBJECT(.\Objects\mian.obj)

line level    source

   1          #include<reg51.h>
   2          #define uint unsigned int
   3          #define uchar unsigned char
   4          /*  
   5          //ÑÓ³Ùº¯Êý
   6          void delay_ms(uint timer)
   7          {
   8              uchar j=124;
   9              while(timer--)
  10              {
  11                 for(j=124;j>0;j--)
  12                {
  13                    ;
  14                }
  15                
  16              }
  17          
  18          }
  19          
  20          
  21          
  22          
  23          void main(void)
  24          {
  25              while(1)
  26              {
  27                P1 &=0xFE;
  28                delay_ms(100);
  29                P1 |=0x01;
  30                delay_ms(100);
  31              
  32              
  33              }
  34          
  35          
  36          }*/
  37          
  38          
  39          sbit LED = P1^0; 
  40          
  41          //ÑÓ³Ùº¯Êý
  42          void delay_ms(uint timer)
  43          {
  44   1          uchar j=124;
  45   1          while(timer--)
  46   1          {
  47   2             for(j=124;j>0;j--)
  48   2            {
  49   3                ;
  50   3            }
  51   2            
  52   2          }
  53   1      
  54   1      }
C51 COMPILER V9.60.0.0   MIAN                                                              09/04/2019 09:45:31 PAGE 2   

  55          
  56          
  57          void main(void)
  58          {
  59   1          while(1)
  60   1          {
  61   2               LED = ~LED;
  62   2            delay_ms(100);
  63   2          
  64   2          }
  65   1      
  66   1      
  67   1      
  68   1      
  69   1      }
  70          
  71          
  72          
  73          
  74          
  75          


MODULE INFORMATION:   STATIC OVERLAYABLE
   CODE SIZE        =     37    ----
   CONSTANT SIZE    =   ----    ----
   XDATA SIZE       =   ----    ----
   PDATA SIZE       =   ----    ----
   DATA SIZE        =   ----    ----
   IDATA SIZE       =   ----    ----
   BIT SIZE         =   ----    ----
END OF MODULE INFORMATION.


C51 COMPILATION COMPLETE.  0 WARNING(S),  0 ERROR(S)
