C51 COMPILER V9.60.0.0   MAIN                                                              09/17/2019 21:49:48 PAGE 1   


C51 COMPILER V9.60.0.0, COMPILATION OF MODULE MAIN
OBJECT MODULE PLACED IN .\Objects\main.obj
COMPILER INVOKED BY: C:\Keil_v5\C51\BIN\C51.EXE main.c OPTIMIZE(8,SPEED) BROWSE DEBUG OBJECTEXTEND PRINT(.\Listings\main
                    -.lst) TABS(2) OBJECT(.\Objects\main.obj)

line level    source

   1          #include<reg51.h>
   2          #include"main.h"
   3          #include"delay.h"
   4          
   5          sbit LED = P0^1;
   6          sbit SOUND = P2^0;
   7          sbit KEY1 = P3^0;
   8          sbit KEY2 = P3^2;
   9          sbit KEY3 = P3^4;
  10          
  11          void speak(uchar timer)
  12          {
  13   1        uint i = 0;
  14   1        uchar j = 0;
  15   1        for(i = 400;i>0;i--)
  16   1        {
  17   2          SOUND = ~SOUND;
  18   2          LED = ~LED ;
  19   2          for(j=timer;j>0;j--);                     //用延时长度来控制频率
  20   2      
  21   2        }
  22   1        LED = 1;
  23   1        SOUND = 0;
  24   1      
  25   1      }
  26          
  27          
  28          void main()
  29          {
  30   1        uchar key_num = 0;
  31   1        LED = 1;
  32   1        SOUND = 0;
  33   1        
  34   1        
  35   1        while(1)
  36   1        {
  37   2          if(key_num != P3)
  38   2          {
  39   3            key_num = P3;
  40   3            delay_ms(10);
  41   3            if(key_num == P3)
  42   3            {
  43   4              if(KEY1 == 0)
  44   4              {
  45   5                speak(80);
  46   5                
  47   5              }
  48   4              
  49   4              if(KEY2==0)
  50   4              {
  51   5                speak(160);
  52   5              }
  53   4              
  54   4              if(KEY3==0)
C51 COMPILER V9.60.0.0   MAIN                                                              09/17/2019 21:49:48 PAGE 2   

  55   4              {
  56   5                speak(240);
  57   5              
  58   5              }
  59   4              
  60   4            
  61   4            } 
  62   3            
  63   3          
  64   3          }
  65   2        
  66   2        
  67   2        
  68   2        }
  69   1        
  70   1      
  71   1      }
  72          
  73          
  74          
  75          
  76          
  77          
  78          
  79          
  80          
  81          
  82          
  83          
  84          
  85          
  86          
  87          
  88          
  89          
  90          


MODULE INFORMATION:   STATIC OVERLAYABLE
   CODE SIZE        =     92    ----
   CONSTANT SIZE    =   ----    ----
   XDATA SIZE       =   ----    ----
   PDATA SIZE       =   ----    ----
   DATA SIZE        =   ----       1
   IDATA SIZE       =   ----    ----
   BIT SIZE         =   ----    ----
END OF MODULE INFORMATION.


C51 COMPILATION COMPLETE.  0 WARNING(S),  0 ERROR(S)
