C51 COMPILER V9.60.0.0   MAIN                                                              09/05/2019 10:51:23 PAGE 1   


C51 COMPILER V9.60.0.0, COMPILATION OF MODULE MAIN
OBJECT MODULE PLACED IN .\Objects\main.obj
COMPILER INVOKED BY: C:\Keil_v5\C51\BIN\C51.EXE main.c OPTIMIZE(8,SPEED) BROWSE DEBUG OBJECTEXTEND PRINT(.\Listings\main
                    -.lst) TABS(2) OBJECT(.\Objects\main.obj)

line level    source

   1          #include<reg51.h>
   2          #include"main.h"
   3          #include"delay.h"
   4          /*#define uint unsigned int
   5          #define uchar unsigned char
   6          */
   7          
   8          void main(void)
   9          {
  10   1        while(1)
  11   1        {
  12   2          P1 = 0x04;
  13   2          delay_ms(800);
  14   2          P1 = 0x6D;
  15   2          delay_ms(800);
  16   2          P1=0x18;
  17   2          delay_ms(800);
  18   2          P1=0x48;
  19   2          delay_ms(800);
  20   2          
  21   2        }
  22   1      
  23   1      
  24   1      }
  25          
  26          
  27          
  28          
  29          
  30          
  31          
  32          
  33          /*
  34          sbit one=P1^0;
  35          
  36          
  37          void main()
  38          {
  39             while(1)
  40             {
  41               one = 0;
  42             
  43             
  44             
  45             }
  46          
  47          
  48          }
  49          
  50          */


MODULE INFORMATION:   STATIC OVERLAYABLE
   CODE SIZE        =     42    ----
C51 COMPILER V9.60.0.0   MAIN                                                              09/05/2019 10:51:23 PAGE 2   

   CONSTANT SIZE    =   ----    ----
   XDATA SIZE       =   ----    ----
   PDATA SIZE       =   ----    ----
   DATA SIZE        =   ----    ----
   IDATA SIZE       =   ----    ----
   BIT SIZE         =   ----    ----
END OF MODULE INFORMATION.


C51 COMPILATION COMPLETE.  0 WARNING(S),  0 ERROR(S)
