C51 COMPILER V9.60.0.0   MAIN                                                              09/11/2019 17:32:57 PAGE 1   


C51 COMPILER V9.60.0.0, COMPILATION OF MODULE MAIN
OBJECT MODULE PLACED IN .\Objects\main.obj
COMPILER INVOKED BY: C:\Keil_v5\C51\BIN\C51.EXE main.c OPTIMIZE(8,SPEED) BROWSE DEBUG OBJECTEXTEND PRINT(.\Listings\main
                    -.lst) TABS(2) OBJECT(.\Objects\main.obj)

line level    source

   1          #include<reg51.h>
   2          #include"main.h"
   3          
   4          sbit OUT_A = P2^0;
   5          sbit OUT_B = P2^1;
   6          
   7          void timerTL0_inter() interrupt 1
   8          {
   9   1        OUT_A = ~OUT_A;
  10   1        TL0 = 0;
  11   1      
  12   1      }
  13          
  14          
  15          
  16          void timerTH0_inter() interrupt 3
  17          {
  18   1        OUT_B = ~OUT_B;
  19   1        TH0 = 128;
  20   1        
  21   1      }
  22          
  23          
  24          void main()
  25          {
  26   1        P2 = 0xFF;
  27   1        
  28   1        //定时器T0初始化
  29   1        TL0 = 0;                   //TL0初始值
  30   1        TH0 = 128;                 //TH0初始值
  31   1        TMOD = 3;                  //定时器工作方式3
  32   1        ET0 = 1;                   //使能T0中断
  33   1        ET1 = 1;                   //T1中断
  34   1        EA = 1;                    //打开全局中断
  35   1        
  36   1        TR0 = 1;                   //启动TL0定时器
  37   1        TR1 = 1;                   //启动TL1定时器
  38   1        
  39   1        while(1);
  40   1        
  41   1      }
  42          
  43          
  44          
  45          


MODULE INFORMATION:   STATIC OVERLAYABLE
   CODE SIZE        =     36    ----
   CONSTANT SIZE    =   ----    ----
   XDATA SIZE       =   ----    ----
   PDATA SIZE       =   ----    ----
   DATA SIZE        =   ----    ----
   IDATA SIZE       =   ----    ----
C51 COMPILER V9.60.0.0   MAIN                                                              09/11/2019 17:32:57 PAGE 2   

   BIT SIZE         =   ----    ----
END OF MODULE INFORMATION.


C51 COMPILATION COMPLETE.  0 WARNING(S),  0 ERROR(S)
